mode: set
github.com/DungBuiTien1999/bookings/main.go:22.13,24.16 2 0
github.com/DungBuiTien1999/bookings/main.go:28.2,36.16 4 0
github.com/DungBuiTien1999/bookings/main.go:24.16,26.3 1 0
github.com/DungBuiTien1999/bookings/main.go:36.16,38.3 1 0
github.com/DungBuiTien1999/bookings/main.go:41.18,57.16 10 1
github.com/DungBuiTien1999/bookings/main.go:62.2,70.12 6 1
github.com/DungBuiTien1999/bookings/main.go:57.16,60.3 2 0
github.com/DungBuiTien1999/bookings/middleware.go:10.45,21.2 3 1
github.com/DungBuiTien1999/bookings/middleware.go:24.50,26.2 1 1
github.com/DungBuiTien1999/bookings/routes.go:12.49,38.2 18 1
