mode: set
github.com/DungBuiTien1999/bookings/internal/handlers/handlers.go:33.62,38.2 1 1
github.com/DungBuiTien1999/bookings/internal/handlers/handlers.go:40.54,45.2 1 1
github.com/DungBuiTien1999/bookings/internal/handlers/handlers.go:48.33,50.2 1 1
github.com/DungBuiTien1999/bookings/internal/handlers/handlers.go:53.67,55.2 1 1
github.com/DungBuiTien1999/bookings/internal/handlers/handlers.go:58.68,60.2 1 1
github.com/DungBuiTien1999/bookings/internal/handlers/handlers.go:63.71,66.2 1 1
github.com/DungBuiTien1999/bookings/internal/handlers/handlers.go:69.69,72.2 1 1
github.com/DungBuiTien1999/bookings/internal/handlers/handlers.go:75.74,77.9 2 1
github.com/DungBuiTien1999/bookings/internal/handlers/handlers.go:83.2,84.16 2 1
github.com/DungBuiTien1999/bookings/internal/handlers/handlers.go:89.2,106.4 10 1
github.com/DungBuiTien1999/bookings/internal/handlers/handlers.go:77.9,81.3 3 1
github.com/DungBuiTien1999/bookings/internal/handlers/handlers.go:84.16,88.3 3 1
github.com/DungBuiTien1999/bookings/internal/handlers/handlers.go:110.78,112.9 2 1
github.com/DungBuiTien1999/bookings/internal/handlers/handlers.go:118.2,119.16 2 1
github.com/DungBuiTien1999/bookings/internal/handlers/handlers.go:125.2,126.16 2 1
github.com/DungBuiTien1999/bookings/internal/handlers/handlers.go:132.2,144.19 10 1
github.com/DungBuiTien1999/bookings/internal/handlers/handlers.go:154.2,155.16 2 1
github.com/DungBuiTien1999/bookings/internal/handlers/handlers.go:161.2,169.16 3 1
github.com/DungBuiTien1999/bookings/internal/handlers/handlers.go:176.2,208.66 8 1
github.com/DungBuiTien1999/bookings/internal/handlers/handlers.go:112.9,116.3 3 1
github.com/DungBuiTien1999/bookings/internal/handlers/handlers.go:119.16,123.3 3 1
github.com/DungBuiTien1999/bookings/internal/handlers/handlers.go:126.16,130.3 3 1
github.com/DungBuiTien1999/bookings/internal/handlers/handlers.go:144.19,152.3 4 1
github.com/DungBuiTien1999/bookings/internal/handlers/handlers.go:155.16,159.3 3 1
github.com/DungBuiTien1999/bookings/internal/handlers/handlers.go:169.16,173.3 3 0
github.com/DungBuiTien1999/bookings/internal/handlers/handlers.go:212.70,215.2 1 1
github.com/DungBuiTien1999/bookings/internal/handlers/handlers.go:218.75,221.2 1 1
github.com/DungBuiTien1999/bookings/internal/handlers/handlers.go:224.79,226.16 2 1
github.com/DungBuiTien1999/bookings/internal/handlers/handlers.go:232.2,236.16 5 1
github.com/DungBuiTien1999/bookings/internal/handlers/handlers.go:241.2,242.16 2 1
github.com/DungBuiTien1999/bookings/internal/handlers/handlers.go:247.2,248.16 2 1
github.com/DungBuiTien1999/bookings/internal/handlers/handlers.go:254.2,254.21 1 1
github.com/DungBuiTien1999/bookings/internal/handlers/handlers.go:261.2,272.4 5 1
github.com/DungBuiTien1999/bookings/internal/handlers/handlers.go:226.16,230.3 3 1
github.com/DungBuiTien1999/bookings/internal/handlers/handlers.go:236.16,240.3 3 1
github.com/DungBuiTien1999/bookings/internal/handlers/handlers.go:242.16,246.3 3 1
github.com/DungBuiTien1999/bookings/internal/handlers/handlers.go:248.16,252.3 3 1
github.com/DungBuiTien1999/bookings/internal/handlers/handlers.go:254.21,259.3 3 1
github.com/DungBuiTien1999/bookings/internal/handlers/handlers.go:284.83,286.16 2 1
github.com/DungBuiTien1999/bookings/internal/handlers/handlers.go:298.2,308.16 8 1
github.com/DungBuiTien1999/bookings/internal/handlers/handlers.go:318.2,329.14 4 1
github.com/DungBuiTien1999/bookings/internal/handlers/handlers.go:286.16,296.3 5 1
github.com/DungBuiTien1999/bookings/internal/handlers/handlers.go:308.16,317.3 5 1
github.com/DungBuiTien1999/bookings/internal/handlers/handlers.go:333.81,335.9 2 1
github.com/DungBuiTien1999/bookings/internal/handlers/handlers.go:341.2,355.4 9 1
github.com/DungBuiTien1999/bookings/internal/handlers/handlers.go:335.9,339.3 3 1
github.com/DungBuiTien1999/bookings/internal/handlers/handlers.go:359.73,362.16 3 1
github.com/DungBuiTien1999/bookings/internal/handlers/handlers.go:368.2,369.9 2 1
github.com/DungBuiTien1999/bookings/internal/handlers/handlers.go:375.2,378.63 3 1
github.com/DungBuiTien1999/bookings/internal/handlers/handlers.go:362.16,366.3 3 1
github.com/DungBuiTien1999/bookings/internal/handlers/handlers.go:369.9,373.3 3 1
github.com/DungBuiTien1999/bookings/internal/handlers/handlers.go:382.71,394.16 9 1
github.com/DungBuiTien1999/bookings/internal/handlers/handlers.go:399.2,406.63 6 1
github.com/DungBuiTien1999/bookings/internal/handlers/handlers.go:394.16,398.3 3 1
github.com/DungBuiTien1999/bookings/internal/handlers/handlers.go:410.72,414.2 1 1
github.com/DungBuiTien1999/bookings/internal/handlers/handlers.go:417.76,421.16 3 1
github.com/DungBuiTien1999/bookings/internal/handlers/handlers.go:426.2,441.19 9 1
github.com/DungBuiTien1999/bookings/internal/handlers/handlers.go:449.2,450.16 2 1
github.com/DungBuiTien1999/bookings/internal/handlers/handlers.go:456.2,458.47 3 1
github.com/DungBuiTien1999/bookings/internal/handlers/handlers.go:421.16,424.3 2 0
github.com/DungBuiTien1999/bookings/internal/handlers/handlers.go:441.19,447.3 2 1
github.com/DungBuiTien1999/bookings/internal/handlers/handlers.go:450.16,454.3 3 1
github.com/DungBuiTien1999/bookings/internal/handlers/handlers.go:462.69,467.2 3 1
github.com/DungBuiTien1999/bookings/internal/handlers/handlers.go:470.77,472.2 1 1
github.com/DungBuiTien1999/bookings/internal/handlers/handlers.go:475.83,477.16 2 1
github.com/DungBuiTien1999/bookings/internal/handlers/handlers.go:481.2,485.4 3 1
github.com/DungBuiTien1999/bookings/internal/handlers/handlers.go:477.16,480.3 2 0
github.com/DungBuiTien1999/bookings/internal/handlers/handlers.go:489.83,491.16 2 1
github.com/DungBuiTien1999/bookings/internal/handlers/handlers.go:495.2,499.4 3 1
github.com/DungBuiTien1999/bookings/internal/handlers/handlers.go:491.16,494.3 2 0
github.com/DungBuiTien1999/bookings/internal/handlers/handlers.go:503.83,506.16 3 1
github.com/DungBuiTien1999/bookings/internal/handlers/handlers.go:512.2,513.16 2 1
github.com/DungBuiTien1999/bookings/internal/handlers/handlers.go:518.2,535.4 10 1
github.com/DungBuiTien1999/bookings/internal/handlers/handlers.go:506.16,509.3 2 0
github.com/DungBuiTien1999/bookings/internal/handlers/handlers.go:513.16,516.3 2 0
github.com/DungBuiTien1999/bookings/internal/handlers/handlers.go:539.87,541.16 2 1
github.com/DungBuiTien1999/bookings/internal/handlers/handlers.go:545.2,547.16 3 1
github.com/DungBuiTien1999/bookings/internal/handlers/handlers.go:553.2,554.16 2 1
github.com/DungBuiTien1999/bookings/internal/handlers/handlers.go:559.2,570.19 10 1
github.com/DungBuiTien1999/bookings/internal/handlers/handlers.go:575.2,581.16 6 1
github.com/DungBuiTien1999/bookings/internal/handlers/handlers.go:586.2,591.16 4 1
github.com/DungBuiTien1999/bookings/internal/handlers/handlers.go:541.16,544.3 2 0
github.com/DungBuiTien1999/bookings/internal/handlers/handlers.go:547.16,550.3 2 0
github.com/DungBuiTien1999/bookings/internal/handlers/handlers.go:554.16,557.3 2 0
github.com/DungBuiTien1999/bookings/internal/handlers/handlers.go:570.19,573.3 2 0
github.com/DungBuiTien1999/bookings/internal/handlers/handlers.go:581.16,584.3 2 0
github.com/DungBuiTien1999/bookings/internal/handlers/handlers.go:591.16,593.3 1 1
github.com/DungBuiTien1999/bookings/internal/handlers/handlers.go:593.8,595.3 1 1
github.com/DungBuiTien1999/bookings/internal/handlers/handlers.go:600.88,604.34 2 1
github.com/DungBuiTien1999/bookings/internal/handlers/handlers.go:611.2,641.16 23 1
github.com/DungBuiTien1999/bookings/internal/handlers/handlers.go:645.2,647.26 2 1
github.com/DungBuiTien1999/bookings/internal/handlers/handlers.go:681.2,685.4 1 1
github.com/DungBuiTien1999/bookings/internal/handlers/handlers.go:604.34,609.3 3 1
github.com/DungBuiTien1999/bookings/internal/handlers/handlers.go:641.16,644.3 2 0
github.com/DungBuiTien1999/bookings/internal/handlers/handlers.go:647.26,652.72 3 1
github.com/DungBuiTien1999/bookings/internal/handlers/handlers.go:658.3,659.17 2 1
github.com/DungBuiTien1999/bookings/internal/handlers/handlers.go:664.3,664.34 1 1
github.com/DungBuiTien1999/bookings/internal/handlers/handlers.go:675.3,678.78 3 1
github.com/DungBuiTien1999/bookings/internal/handlers/handlers.go:652.72,655.4 2 1
github.com/DungBuiTien1999/bookings/internal/handlers/handlers.go:659.17,662.4 2 0
github.com/DungBuiTien1999/bookings/internal/handlers/handlers.go:664.34,665.27 1 1
github.com/DungBuiTien1999/bookings/internal/handlers/handlers.go:665.27,667.71 1 1
github.com/DungBuiTien1999/bookings/internal/handlers/handlers.go:667.71,669.6 1 1
github.com/DungBuiTien1999/bookings/internal/handlers/handlers.go:670.10,673.5 1 1
github.com/DungBuiTien1999/bookings/internal/handlers/handlers.go:689.92,691.16 2 1
github.com/DungBuiTien1999/bookings/internal/handlers/handlers.go:696.2,701.16 4 1
github.com/DungBuiTien1999/bookings/internal/handlers/handlers.go:705.2,707.26 2 1
github.com/DungBuiTien1999/bookings/internal/handlers/handlers.go:725.2,725.31 1 1
github.com/DungBuiTien1999/bookings/internal/handlers/handlers.go:738.2,739.110 2 1
github.com/DungBuiTien1999/bookings/internal/handlers/handlers.go:691.16,694.3 2 0
github.com/DungBuiTien1999/bookings/internal/handlers/handlers.go:701.16,704.3 2 0
github.com/DungBuiTien1999/bookings/internal/handlers/handlers.go:707.26,711.35 2 1
github.com/DungBuiTien1999/bookings/internal/handlers/handlers.go:711.35,712.17 1 1
github.com/DungBuiTien1999/bookings/internal/handlers/handlers.go:712.17,713.65 1 1
github.com/DungBuiTien1999/bookings/internal/handlers/handlers.go:713.65,716.20 2 1
github.com/DungBuiTien1999/bookings/internal/handlers/handlers.go:716.20,718.7 1 0
github.com/DungBuiTien1999/bookings/internal/handlers/handlers.go:725.31,726.43 1 1
github.com/DungBuiTien1999/bookings/internal/handlers/handlers.go:726.43,732.18 5 1
github.com/DungBuiTien1999/bookings/internal/handlers/handlers.go:732.18,734.5 1 0
github.com/DungBuiTien1999/bookings/internal/handlers/handlers.go:743.86,746.16 3 1
github.com/DungBuiTien1999/bookings/internal/handlers/handlers.go:750.2,759.16 6 1
github.com/DungBuiTien1999/bookings/internal/handlers/handlers.go:746.16,749.3 2 0
github.com/DungBuiTien1999/bookings/internal/handlers/handlers.go:759.16,761.3 1 1
github.com/DungBuiTien1999/bookings/internal/handlers/handlers.go:761.8,763.3 1 1
github.com/DungBuiTien1999/bookings/internal/handlers/handlers.go:768.85,771.16 3 1
github.com/DungBuiTien1999/bookings/internal/handlers/handlers.go:775.2,784.16 6 1
github.com/DungBuiTien1999/bookings/internal/handlers/handlers.go:771.16,774.3 2 0
github.com/DungBuiTien1999/bookings/internal/handlers/handlers.go:784.16,786.3 1 1
github.com/DungBuiTien1999/bookings/internal/handlers/handlers.go:786.8,788.3 1 1
